1540371655905	mozrunner::runner	INFO	Running command: "C:\\Program Files\\Mozilla Firefox\\firefox.exe" "-marionette" "-foreground" "-no-remote" "-profile" "C:\\Users\\Administrator\\AppData\\Local\\Temp\\rust_mozprofile.4m7Ab43w3mXv"
1540371656194	addons.manager	DEBUG	Application has been upgraded
1540371656210	addons.manager	DEBUG	Loaded provider scope for resource://gre/modules/addons/XPIProvider.jsm: ["XPIProvider", "XPIInternal"]
1540371656214	addons.manager	DEBUG	Loaded provider scope for resource://gre/modules/LightweightThemeManager.jsm: ["LightweightThemeManager"]
1540371656233	addons.manager	DEBUG	Loaded provider scope for resource://gre/modules/addons/GMPProvider.jsm
1540371656235	addons.manager	DEBUG	Loaded provider scope for resource://gre/modules/addons/PluginProvider.jsm
1540371656235	addons.manager	DEBUG	Starting provider: XPIProvider
1540371656236	addons.xpi	DEBUG	startup
1540371656236	addons.xpi	INFO	SystemAddonLocation directory is missing
1540371656246	addons.xpi	INFO	Removing all system add-on upgrades.
1540371656247	addons.xpi	DEBUG	checkForChanges
1540371656247	addons.xpi	DEBUG	Loaded add-on state: ${}
1540371656248	addons.xpi	DEBUG	New add-on activity-stream@mozilla.org in app-system-defaults
1540371656249	addons.xpi	DEBUG	New add-on aushelper@mozilla.org in app-system-defaults
1540371656250	addons.xpi	DEBUG	New add-on firefox@getpocket.com in app-system-defaults
1540371656251	addons.xpi	DEBUG	New add-on formautofill@mozilla.org in app-system-defaults
1540371656251	addons.xpi	DEBUG	New add-on onboarding@mozilla.org in app-system-defaults
1540371656252	addons.xpi	DEBUG	New add-on screenshots@mozilla.org in app-system-defaults
1540371656253	addons.xpi	DEBUG	New add-on webcompat-reporter@mozilla.org in app-system-defaults
1540371656254	addons.xpi	DEBUG	New add-on webcompat@mozilla.org in app-system-defaults
1540371656255	addons.xpi	DEBUG	scanForChanges changed: true, state: {}
1540371656262	addons.xpi-utils	DEBUG	Error: Synchronously loading the add-ons database (resource://gre/modules/addons/XPIDatabase.jsm:1329:15) JS Stack trace: syncLoadDB@XPIDatabase.jsm:1329:15
checkForChanges@XPIProvider.jsm:2537:9
startup@XPIProvider.jsm:2120:25
callProvider@AddonManager.jsm:206:12
_startProvider@AddonManager.jsm:654:5
startup@AddonManager.jsm:813:9
startup@AddonManager.jsm:2811:5
observe@addonManager.js:66:9
1540371656262	addons.xpi-utils	DEBUG	Starting async load of XPI database C:\Users\Administrator\AppData\Local\Temp\rust_mozprofile.4m7Ab43w3mXv\extensions.json
1540371656292	addons.xpi-utils	DEBUG	New add-on activity-stream@mozilla.org installed in app-system-defaults
*** Blocklist::_preloadBlocklistFile: blocklist is disabled
1540371656331	addons.xpi-utils	DEBUG	New add-on aushelper@mozilla.org installed in app-system-defaults
1540371656335	addons.xpi-utils	DEBUG	New add-on firefox@getpocket.com installed in app-system-defaults
1540371656339	addons.xpi-utils	DEBUG	New add-on formautofill@mozilla.org installed in app-system-defaults
1540371656343	addons.xpi-utils	DEBUG	New add-on onboarding@mozilla.org installed in app-system-defaults
1540371656347	addons.xpi-utils	DEBUG	New add-on screenshots@mozilla.org installed in app-system-defaults
1540371656350	addons.xpi-utils	DEBUG	New add-on webcompat-reporter@mozilla.org installed in app-system-defaults
1540371656355	addons.xpi-utils	DEBUG	New add-on webcompat@mozilla.org installed in app-system-defaults
1540371656357	addons.xpi-utils	DEBUG	XPI Database saved, setting schema version preference to 27
1540371656454	addons.manager	DEBUG	Registering startup change 'installed' for activity-stream@mozilla.org
1540371656459	addons.xpi	DEBUG	Loading bootstrap scope from C:\Program Files\Mozilla Firefox\browser\features\activity-stream@mozilla.org.xpi
1540371656462	addons.xpi	DEBUG	Calling bootstrap method install on activity-stream@mozilla.org version 2018.08.22.1219-93becf29
1540371656462	addons.xpi-utils	DEBUG	Make addon app-system-defaults:activity-stream@mozilla.org visible
1540371656462	addons.xpi	DEBUG	Updating XPIState for {"id":"activity-stream@mozilla.org","syncGUID":"{d3aa6d70-92c2-4d4d-8e20-18712f67bc03}","version":"2018.08.22.1219-93becf29","type":"extension","defaultLocale":{"name":"Activity Stream","description":"A rich visual history feed and a reimagined home page make it easier than ever to find exactly what you're looking for in Firefox."},"visible":true,"active":false,"userDisabled":false,"appDisabled":false,"installDate":1538424116203,"updateDate":1538424116203,"applyBackgroundUpdates":1,"path":"C:\\Program Files\\Mozilla Firefox\\browser\\features\\activity-stream@mozilla.org.xpi","skinnable":false,"sourceURI":null,"releaseNotesURI":null,"softDisabled":false,"foreignInstall":false,"strictCompatibility":false,"locales":[],"targetApplications":[{"id":"{ec8030f7-c20a-464f-9b0e-13a3a9e97384}","minVersion":"62.0.3","maxVersion":"62.*"}],"targetPlatforms":[],"seen":true,"dependencies":[],"hasEmbeddedWebExtension":false,"userPermissions":null,"icons":{},"blocklistState":0,"blocklistURL":null,"startupData":null,"location":"app-system-defaults"}
1540371656463	addons.manager	DEBUG	Registering startup change 'installed' for aushelper@mozilla.org
1540371656464	addons.xpi	DEBUG	Loading bootstrap scope from C:\Program Files\Mozilla Firefox\browser\features\aushelper@mozilla.org.xpi
1540371656466	addons.xpi	DEBUG	Calling bootstrap method install on aushelper@mozilla.org version 2.0
1540371656467	addons.xpi-utils	DEBUG	Make addon app-system-defaults:aushelper@mozilla.org visible
1540371656467	addons.xpi	DEBUG	Updating XPIState for {"id":"aushelper@mozilla.org","syncGUID":"{f40b4963-4c61-4a9c-b4ab-29b360f1e5b5}","version":"2.0","type":"extension","defaultLocale":{"name":"Application Update Service Helper","description":"Sets value(s) in the update url based on custom checks."},"visible":true,"active":false,"userDisabled":false,"appDisabled":false,"installDate":1538424116203,"updateDate":1538424116203,"applyBackgroundUpdates":1,"path":"C:\\Program Files\\Mozilla Firefox\\browser\\features\\aushelper@mozilla.org.xpi","skinnable":false,"sourceURI":null,"releaseNotesURI":null,"softDisabled":false,"foreignInstall":false,"strictCompatibility":false,"locales":[],"targetApplications":[{"id":"{ec8030f7-c20a-464f-9b0e-13a3a9e97384}","minVersion":"62.0.3","maxVersion":"62.*"}],"targetPlatforms":[],"seen":true,"dependencies":[],"hasEmbeddedWebExtension":false,"userPermissions":null,"icons":{},"blocklistState":0,"blocklistURL":null,"startupData":null,"location":"app-system-defaults"}
1540371656467	addons.manager	DEBUG	Registering startup change 'installed' for firefox@getpocket.com
1540371656467	addons.xpi	DEBUG	Loading bootstrap scope from C:\Program Files\Mozilla Firefox\browser\features\firefox@getpocket.com.xpi
1540371656472	addons.xpi	DEBUG	Calling bootstrap method install on firefox@getpocket.com version 1.0.5
1540371656472	addons.xpi-utils	DEBUG	Make addon app-system-defaults:firefox@getpocket.com visible
1540371656472	addons.xpi	DEBUG	Updating XPIState for {"id":"firefox@getpocket.com","syncGUID":"{15f5b76f-6f20-490e-a90d-70cc5ef73f49}","version":"1.0.5","type":"extension","defaultLocale":{"name":"Pocket","description":"When you find something you want to view later, put it in Pocket."},"visible":true,"active":false,"userDisabled":false,"appDisabled":false,"installDate":1538424116207,"updateDate":1538424116207,"applyBackgroundUpdates":1,"path":"C:\\Program Files\\Mozilla Firefox\\browser\\features\\firefox@getpocket.com.xpi","skinnable":false,"sourceURI":null,"releaseNotesURI":null,"softDisabled":false,"foreignInstall":false,"strictCompatibility":false,"locales":[],"targetApplications":[{"id":"{ec8030f7-c20a-464f-9b0e-13a3a9e97384}","minVersion":"62.0.3","maxVersion":"62.*"}],"targetPlatforms":[],"seen":true,"dependencies":[],"hasEmbeddedWebExtension":false,"userPermissions":null,"icons":{},"blocklistState":0,"blocklistURL":null,"startupData":null,"location":"app-system-defaults"}
1540371656473	addons.manager	DEBUG	Registering startup change 'installed' for formautofill@mozilla.org
1540371656473	addons.xpi	DEBUG	Loading bootstrap scope from C:\Program Files\Mozilla Firefox\browser\features\formautofill@mozilla.org.xpi
1540371656475	addons.xpi	DEBUG	Calling bootstrap method install on formautofill@mozilla.org version 1.0
1540371656475	addons.xpi-utils	DEBUG	Make addon app-system-defaults:formautofill@mozilla.org visible
1540371656475	addons.xpi	DEBUG	Updating XPIState for {"id":"formautofill@mozilla.org","syncGUID":"{9a927c57-d7de-4bee-9a91-efe3a32fc4a2}","version":"1.0","type":"extension","defaultLocale":{"name":"Form Autofill","description":"Autofill forms with saved profiles"},"visible":true,"active":false,"userDisabled":false,"appDisabled":false,"installDate":1538424116210,"updateDate":1538424116210,"applyBackgroundUpdates":1,"path":"C:\\Program Files\\Mozilla Firefox\\browser\\features\\formautofill@mozilla.org.xpi","skinnable":false,"sourceURI":null,"releaseNotesURI":null,"softDisabled":false,"foreignInstall":false,"strictCompatibility":false,"locales":[],"targetApplications":[{"id":"{ec8030f7-c20a-464f-9b0e-13a3a9e97384}","minVersion":"62.0.3","maxVersion":"62.*"}],"targetPlatforms":[],"seen":true,"dependencies":[],"hasEmbeddedWebExtension":false,"userPermissions":null,"icons":{},"blocklistState":0,"blocklistURL":null,"startupData":null,"location":"app-system-defaults"}
1540371656475	addons.manager	DEBUG	Registering startup change 'installed' for onboarding@mozilla.org
1540371656475	addons.xpi	DEBUG	Loading bootstrap scope from C:\Program Files\Mozilla Firefox\browser\features\onboarding@mozilla.org.xpi
1540371656479	addons.xpi	DEBUG	Calling bootstrap method install on onboarding@mozilla.org version 1.0
1540371656479	addons.xpi-utils	DEBUG	Make addon app-system-defaults:onboarding@mozilla.org visible
1540371656479	addons.xpi	DEBUG	Updating XPIState for {"id":"onboarding@mozilla.org","syncGUID":"{9347e8b3-249b-4cfc-8e83-ad34ba757416}","version":"1.0","type":"extension","defaultLocale":{"name":"Photon onboarding","description":"Photon onboarding"},"visible":true,"active":false,"userDisabled":false,"appDisabled":false,"installDate":1538424116214,"updateDate":1538424116214,"applyBackgroundUpdates":1,"path":"C:\\Program Files\\Mozilla Firefox\\browser\\features\\onboarding@mozilla.org.xpi","skinnable":false,"sourceURI":null,"releaseNotesURI":null,"softDisabled":false,"foreignInstall":false,"strictCompatibility":false,"locales":[],"targetApplications":[{"id":"{ec8030f7-c20a-464f-9b0e-13a3a9e97384}","minVersion":"62.0.3","maxVersion":"62.*"}],"targetPlatforms":[],"seen":true,"dependencies":[],"hasEmbeddedWebExtension":false,"userPermissions":null,"icons":{},"blocklistState":0,"blocklistURL":null,"startupData":null,"location":"app-system-defaults"}
1540371656479	addons.manager	DEBUG	Registering startup change 'installed' for screenshots@mozilla.org
1540371656480	addons.xpi	DEBUG	Loading bootstrap scope from C:\Program Files\Mozilla Firefox\browser\features\screenshots@mozilla.org.xpi
1540371656482	addons.xpi	DEBUG	Calling bootstrap method install on screenshots@mozilla.org version 33.0.0
1540371656482	addons.xpi-utils	DEBUG	Make addon app-system-defaults:screenshots@mozilla.org visible
1540371656483	addons.xpi	DEBUG	Updating XPIState for {"id":"screenshots@mozilla.org","syncGUID":"{f993bf68-05ea-49f9-b0d6-0e0b5ce812fd}","version":"33.0.0","type":"extension","defaultLocale":{"name":"Firefox Screenshots","homepageURL":"https://screenshots.firefox.com/"},"visible":true,"active":false,"userDisabled":false,"appDisabled":false,"installDate":1538424116220,"updateDate":1538424116220,"applyBackgroundUpdates":1,"path":"C:\\Program Files\\Mozilla Firefox\\browser\\features\\screenshots@mozilla.org.xpi","skinnable":false,"sourceURI":null,"releaseNotesURI":null,"softDisabled":false,"foreignInstall":false,"strictCompatibility":false,"locales":[],"targetApplications":[{"id":"{ec8030f7-c20a-464f-9b0e-13a3a9e97384}","minVersion":"57.0a1","maxVersion":"*"}],"targetPlatforms":[],"seen":true,"dependencies":[],"hasEmbeddedWebExtension":false,"userPermissions":null,"icons":{},"blocklistState":0,"blocklistURL":null,"startupData":null,"location":"app-system-defaults"}
1540371656483	addons.manager	DEBUG	Registering startup change 'installed' for webcompat-reporter@mozilla.org
1540371656483	addons.xpi	DEBUG	Loading bootstrap scope from C:\Program Files\Mozilla Firefox\browser\features\webcompat-reporter@mozilla.org.xpi
1540371656485	addons.xpi	DEBUG	Calling bootstrap method install on webcompat-reporter@mozilla.org version 1.0.0
1540371656485	addons.xpi-utils	DEBUG	Make addon app-system-defaults:webcompat-reporter@mozilla.org visible
1540371656485	addons.xpi	DEBUG	Updating XPIState for {"id":"webcompat-reporter@mozilla.org","syncGUID":"{b864caef-6fca-44c0-9bf2-23883661ecd2}","version":"1.0.0","type":"extension","defaultLocale":{"name":"WebCompat Reporter","description":"Report site compatibility issues on webcompat.com."},"visible":true,"active":false,"userDisabled":false,"appDisabled":false,"installDate":1538424116220,"updateDate":1538424116220,"applyBackgroundUpdates":1,"path":"C:\\Program Files\\Mozilla Firefox\\browser\\features\\webcompat-reporter@mozilla.org.xpi","skinnable":false,"sourceURI":null,"releaseNotesURI":null,"softDisabled":false,"foreignInstall":false,"strictCompatibility":false,"locales":[],"targetApplications":[{"id":"{ec8030f7-c20a-464f-9b0e-13a3a9e97384}","minVersion":"62.0.3","maxVersion":"62.*"}],"targetPlatforms":[],"seen":true,"dependencies":[],"hasEmbeddedWebExtension":false,"userPermissions":null,"icons":{},"blocklistState":0,"blocklistURL":null,"startupData":null,"location":"app-system-defaults"}
1540371656485	addons.manager	DEBUG	Registering startup change 'installed' for webcompat@mozilla.org
1540371656486	addons.xpi	DEBUG	Loading bootstrap scope from C:\Program Files\Mozilla Firefox\browser\features\webcompat@mozilla.org.xpi
1540371656487	addons.xpi	DEBUG	Calling bootstrap method install on webcompat@mozilla.org version 2.0
1540371656487	addons.xpi-utils	DEBUG	Make addon app-system-defaults:webcompat@mozilla.org visible
1540371656488	addons.xpi	DEBUG	Updating XPIState for {"id":"webcompat@mozilla.org","syncGUID":"{f341158f-0ded-42cb-86ce-1618a1a3442f}","version":"2.0","type":"extension","defaultLocale":{"name":"Web Compat","description":"Urgent post-release fixes for web compatibility."},"visible":true,"active":false,"userDisabled":false,"appDisabled":false,"installDate":1538424116220,"updateDate":1538424116220,"applyBackgroundUpdates":1,"path":"C:\\Program Files\\Mozilla Firefox\\browser\\features\\webcompat@mozilla.org.xpi","skinnable":false,"sourceURI":null,"releaseNotesURI":null,"softDisabled":false,"foreignInstall":false,"strictCompatibility":false,"locales":[],"targetApplications":[{"id":"{ec8030f7-c20a-464f-9b0e-13a3a9e97384}","minVersion":"62.0.3","maxVersion":"62.*"},{"id":"{aa3c5121-dab2-40e2-81ca-7ea25febc110}","minVersion":"62.0.3","maxVersion":"62.*"}],"targetPlatforms":[],"seen":true,"dependencies":[],"hasEmbeddedWebExtension":true,"userPermissions":null,"icons":{},"blocklistState":0,"blocklistURL":null,"startupData":null,"location":"app-system-defaults"}
1540371656488	addons.xpi	DEBUG	Updating XPIState for {"id":"activity-stream@mozilla.org","syncGUID":"{d3aa6d70-92c2-4d4d-8e20-18712f67bc03}","version":"2018.08.22.1219-93becf29","type":"extension","defaultLocale":{"name":"Activity Stream","description":"A rich visual history feed and a reimagined home page make it easier than ever to find exactly what you're looking for in Firefox."},"visible":true,"active":true,"userDisabled":false,"appDisabled":false,"installDate":1538424116203,"updateDate":1538424116203,"applyBackgroundUpdates":1,"path":"C:\\Program Files\\Mozilla Firefox\\browser\\features\\activity-stream@mozilla.org.xpi","skinnable":false,"sourceURI":null,"releaseNotesURI":null,"softDisabled":false,"foreignInstall":false,"strictCompatibility":false,"locales":[],"targetApplications":[{"id":"{ec8030f7-c20a-464f-9b0e-13a3a9e97384}","minVersion":"62.0.3","maxVersion":"62.*"}],"targetPlatforms":[],"seen":true,"dependencies":[],"hasEmbeddedWebExtension":false,"userPermissions":null,"icons":{},"blocklistState":0,"blocklistURL":null,"startupData":null,"location":"app-system-defaults"}
1540371656488	addons.xpi	DEBUG	Updating XPIState for {"id":"aushelper@mozilla.org","syncGUID":"{f40b4963-4c61-4a9c-b4ab-29b360f1e5b5}","version":"2.0","type":"extension","defaultLocale":{"name":"Application Update Service Helper","description":"Sets value(s) in the update url based on custom checks."},"visible":true,"active":true,"userDisabled":false,"appDisabled":false,"installDate":1538424116203,"updateDate":1538424116203,"applyBackgroundUpdates":1,"path":"C:\\Program Files\\Mozilla Firefox\\browser\\features\\aushelper@mozilla.org.xpi","skinnable":false,"sourceURI":null,"releaseNotesURI":null,"softDisabled":false,"foreignInstall":false,"strictCompatibility":false,"locales":[],"targetApplications":[{"id":"{ec8030f7-c20a-464f-9b0e-13a3a9e97384}","minVersion":"62.0.3","maxVersion":"62.*"}],"targetPlatforms":[],"seen":true,"dependencies":[],"hasEmbeddedWebExtension":false,"userPermissions":null,"icons":{},"blocklistState":0,"blocklistURL":null,"startupData":null,"location":"app-system-defaults"}
1540371656488	addons.xpi	DEBUG	Updating XPIState for {"id":"firefox@getpocket.com","syncGUID":"{15f5b76f-6f20-490e-a90d-70cc5ef73f49}","version":"1.0.5","type":"extension","defaultLocale":{"name":"Pocket","description":"When you find something you want to view later, put it in Pocket."},"visible":true,"active":true,"userDisabled":false,"appDisabled":false,"installDate":1538424116207,"updateDate":1538424116207,"applyBackgroundUpdates":1,"path":"C:\\Program Files\\Mozilla Firefox\\browser\\features\\firefox@getpocket.com.xpi","skinnable":false,"sourceURI":null,"releaseNotesURI":null,"softDisabled":false,"foreignInstall":false,"strictCompatibility":false,"locales":[],"targetApplications":[{"id":"{ec8030f7-c20a-464f-9b0e-13a3a9e97384}","minVersion":"62.0.3","maxVersion":"62.*"}],"targetPlatforms":[],"seen":true,"dependencies":[],"hasEmbeddedWebExtension":false,"userPermissions":null,"icons":{},"blocklistState":0,"blocklistURL":null,"startupData":null,"location":"app-system-defaults"}
1540371656489	addons.xpi	DEBUG	Updating XPIState for {"id":"formautofill@mozilla.org","syncGUID":"{9a927c57-d7de-4bee-9a91-efe3a32fc4a2}","version":"1.0","type":"extension","defaultLocale":{"name":"Form Autofill","description":"Autofill forms with saved profiles"},"visible":true,"active":true,"userDisabled":false,"appDisabled":false,"installDate":1538424116210,"updateDate":1538424116210,"applyBackgroundUpdates":1,"path":"C:\\Program Files\\Mozilla Firefox\\browser\\features\\formautofill@mozilla.org.xpi","skinnable":false,"sourceURI":null,"releaseNotesURI":null,"softDisabled":false,"foreignInstall":false,"strictCompatibility":false,"locales":[],"targetApplications":[{"id":"{ec8030f7-c20a-464f-9b0e-13a3a9e97384}","minVersion":"62.0.3","maxVersion":"62.*"}],"targetPlatforms":[],"seen":true,"dependencies":[],"hasEmbeddedWebExtension":false,"userPermissions":null,"icons":{},"blocklistState":0,"blocklistURL":null,"startupData":null,"location":"app-system-defaults"}
1540371656489	addons.xpi	DEBUG	Updating XPIState for {"id":"onboarding@mozilla.org","syncGUID":"{9347e8b3-249b-4cfc-8e83-ad34ba757416}","version":"1.0","type":"extension","defaultLocale":{"name":"Photon onboarding","description":"Photon onboarding"},"visible":true,"active":true,"userDisabled":false,"appDisabled":false,"installDate":1538424116214,"updateDate":1538424116214,"applyBackgroundUpdates":1,"path":"C:\\Program Files\\Mozilla Firefox\\browser\\features\\onboarding@mozilla.org.xpi","skinnable":false,"sourceURI":null,"releaseNotesURI":null,"softDisabled":false,"foreignInstall":false,"strictCompatibility":false,"locales":[],"targetApplications":[{"id":"{ec8030f7-c20a-464f-9b0e-13a3a9e97384}","minVersion":"62.0.3","maxVersion":"62.*"}],"targetPlatforms":[],"seen":true,"dependencies":[],"hasEmbeddedWebExtension":false,"userPermissions":null,"icons":{},"blocklistState":0,"blocklistURL":null,"startupData":null,"location":"app-system-defaults"}
1540371656489	addons.xpi	DEBUG	Updating XPIState for {"id":"screenshots@mozilla.org","syncGUID":"{f993bf68-05ea-49f9-b0d6-0e0b5ce812fd}","version":"33.0.0","type":"extension","defaultLocale":{"name":"Firefox Screenshots","homepageURL":"https://screenshots.firefox.com/"},"visible":true,"active":true,"userDisabled":false,"appDisabled":false,"installDate":1538424116220,"updateDate":1538424116220,"applyBackgroundUpdates":1,"path":"C:\\Program Files\\Mozilla Firefox\\browser\\features\\screenshots@mozilla.org.xpi","skinnable":false,"sourceURI":null,"releaseNotesURI":null,"softDisabled":false,"foreignInstall":false,"strictCompatibility":false,"locales":[],"targetApplications":[{"id":"{ec8030f7-c20a-464f-9b0e-13a3a9e97384}","minVersion":"57.0a1","maxVersion":"*"}],"targetPlatforms":[],"seen":true,"dependencies":[],"hasEmbeddedWebExtension":false,"userPermissions":null,"icons":{},"blocklistState":0,"blocklistURL":null,"startupData":null,"location":"app-system-defaults"}
1540371656489	addons.xpi	DEBUG	Updating XPIState for {"id":"webcompat-reporter@mozilla.org","syncGUID":"{b864caef-6fca-44c0-9bf2-23883661ecd2}","version":"1.0.0","type":"extension","defaultLocale":{"name":"WebCompat Reporter","description":"Report site compatibility issues on webcompat.com."},"visible":true,"active":true,"userDisabled":false,"appDisabled":false,"installDate":1538424116220,"updateDate":1538424116220,"applyBackgroundUpdates":1,"path":"C:\\Program Files\\Mozilla Firefox\\browser\\features\\webcompat-reporter@mozilla.org.xpi","skinnable":false,"sourceURI":null,"releaseNotesURI":null,"softDisabled":false,"foreignInstall":false,"strictCompatibility":false,"locales":[],"targetApplications":[{"id":"{ec8030f7-c20a-464f-9b0e-13a3a9e97384}","minVersion":"62.0.3","maxVersion":"62.*"}],"targetPlatforms":[],"seen":true,"dependencies":[],"hasEmbeddedWebExtension":false,"userPermissions":null,"icons":{},"blocklistState":0,"blocklistURL":null,"startupData":null,"location":"app-system-defaults"}
1540371656489	addons.xpi	DEBUG	Updating XPIState for {"id":"webcompat@mozilla.org","syncGUID":"{f341158f-0ded-42cb-86ce-1618a1a3442f}","version":"2.0","type":"extension","defaultLocale":{"name":"Web Compat","description":"Urgent post-release fixes for web compatibility."},"visible":true,"active":true,"userDisabled":false,"appDisabled":false,"installDate":1538424116220,"updateDate":1538424116220,"applyBackgroundUpdates":1,"path":"C:\\Program Files\\Mozilla Firefox\\browser\\features\\webcompat@mozilla.org.xpi","skinnable":false,"sourceURI":null,"releaseNotesURI":null,"softDisabled":false,"foreignInstall":false,"strictCompatibility":false,"locales":[],"targetApplications":[{"id":"{ec8030f7-c20a-464f-9b0e-13a3a9e97384}","minVersion":"62.0.3","maxVersion":"62.*"},{"id":"{aa3c5121-dab2-40e2-81ca-7ea25febc110}","minVersion":"62.0.3","maxVersion":"62.*"}],"targetPlatforms":[],"seen":true,"dependencies":[],"hasEmbeddedWebExtension":true,"userPermissions":null,"icons":{},"blocklistState":0,"blocklistURL":null,"startupData":null,"location":"app-system-defaults"}
1540371656489	addons.xpi-utils	DEBUG	Updating add-on states
1540371656491	addons.xpi	DEBUG	Registering manifest for C:\Program Files\Mozilla Firefox\browser\features\activity-stream@mozilla.org.xpi
1540371656492	addons.xpi	DEBUG	Calling bootstrap method startup on activity-stream@mozilla.org version 2018.08.22.1219-93becf29
1540371656493	addons.xpi	DEBUG	Registering manifest for C:\Program Files\Mozilla Firefox\browser\features\aushelper@mozilla.org.xpi
1540371656493	addons.xpi	DEBUG	Calling bootstrap method startup on aushelper@mozilla.org version 2.0
1540371656494	addons.xpi	DEBUG	Registering manifest for C:\Program Files\Mozilla Firefox\browser\features\firefox@getpocket.com.xpi
1540371656495	addons.xpi	DEBUG	Calling bootstrap method startup on firefox@getpocket.com version 1.0.5
1540371656500	addons.xpi	DEBUG	Registering manifest for C:\Program Files\Mozilla Firefox\browser\features\formautofill@mozilla.org.xpi
1540371656500	addons.xpi	DEBUG	Calling bootstrap method startup on formautofill@mozilla.org version 1.0
1540371656501	addons.xpi	DEBUG	Registering manifest for C:\Program Files\Mozilla Firefox\browser\features\onboarding@mozilla.org.xpi
1540371656502	addons.xpi	DEBUG	Calling bootstrap method startup on onboarding@mozilla.org version 1.0
1540371656502	addons.xpi	DEBUG	Registering manifest for C:\Program Files\Mozilla Firefox\browser\features\screenshots@mozilla.org.xpi
1540371656503	addons.xpi	DEBUG	Calling bootstrap method startup on screenshots@mozilla.org version 33.0.0
1540371656503	addons.xpi	DEBUG	Registering manifest for C:\Program Files\Mozilla Firefox\browser\features\webcompat-reporter@mozilla.org.xpi
1540371656504	addons.xpi	DEBUG	Calling bootstrap method startup on webcompat-reporter@mozilla.org version 1.0.0
1540371656504	addons.xpi	DEBUG	Registering manifest for C:\Program Files\Mozilla Firefox\browser\features\webcompat@mozilla.org.xpi
1540371656505	addons.xpi	DEBUG	Calling bootstrap method startup on webcompat@mozilla.org version 2.0
1540371656507	addons.manager	DEBUG	Registering shutdown blocker for XPIProvider
1540371656507	addons.manager	DEBUG	Provider finished startup: XPIProvider
1540371656507	addons.manager	DEBUG	Starting provider: LightweightThemeManager
1540371656507	addons.manager	DEBUG	Registering shutdown blocker for LightweightThemeManager
1540371656508	addons.manager	DEBUG	Provider finished startup: LightweightThemeManager
1540371656508	addons.manager	DEBUG	Starting provider: GMPProvider
1540371656512	addons.manager	DEBUG	Registering shutdown blocker for GMPProvider
1540371656512	addons.manager	DEBUG	Provider finished startup: GMPProvider
1540371656512	addons.manager	DEBUG	Starting provider: PluginProvider
1540371656512	addons.manager	DEBUG	Registering shutdown blocker for PluginProvider
1540371656513	addons.manager	DEBUG	Provider finished startup: PluginProvider
1540371656514	addons.manager	DEBUG	Completed startup sequence
1540371657692	addons.xpi	DEBUG	Existing add-on activity-stream@mozilla.org in app-system-defaults
1540371657692	addons.xpi	DEBUG	Existing add-on aushelper@mozilla.org in app-system-defaults
1540371657692	addons.xpi	DEBUG	Existing add-on firefox@getpocket.com in app-system-defaults
1540371657693	addons.xpi	DEBUG	Existing add-on formautofill@mozilla.org in app-system-defaults
1540371657693	addons.xpi	DEBUG	Existing add-on onboarding@mozilla.org in app-system-defaults
1540371657694	addons.xpi	DEBUG	Existing add-on screenshots@mozilla.org in app-system-defaults
1540371657694	addons.xpi	DEBUG	Existing add-on webcompat-reporter@mozilla.org in app-system-defaults
1540371657694	addons.xpi	DEBUG	Existing add-on webcompat@mozilla.org in app-system-defaults
1540371657695	addons.xpi	DEBUG	scanForChanges changed: false, state: {}
1540371657775	addons.repository	DEBUG	No addons.json found.
1540371658247	Marionette	INFO	Listening on port 60131
1540371658704	Marionette	WARN	TLS certificate errors will be ignored for this session
1540371658735	Marionette	DEBUG	[6442450945] Frame script loaded
1540371658736	Marionette	DEBUG	[6442450945] Frame script registered
1540371658766	Marionette	DEBUG	[6442450945] Received DOM event beforeunload for about:blank
1540371658797	Marionette	DEBUG	[6442450945] Received DOM event pagehide for about:blank
1540371659376	Marionette	DEBUG	[6442450945] Received DOM event DOMContentLoaded for http://172.16.79.15:8826/crmweb/?service=page/Login
1540371659407	Marionette	DEBUG	[6442450945] Received DOM event pageshow for http://172.16.79.15:8826/crmweb/?service=page/Login
1540371660701	Marionette	DEBUG	[6442450945] Received DOM event beforeunload for http://172.16.79.15:8826/crmweb/?service=page/Login
1540371660730	Marionette	DEBUG	[6442450945] Received DOM event pagehide for http://172.16.79.15:8826/crmweb/?service=page/Login
1540371660734	Marionette	DEBUG	[6442450945] Received DOM event unload for http://172.16.79.15:8826/crmweb/?service=page/Login
1540371661007	Marionette	DEBUG	[6442450945] Received DOM event DOMContentLoaded for http://172.16.79.15:8826/crmweb/?service=page/Main
1540371661143	Marionette	DEBUG	[6442450945] Received DOM event pageshow for http://172.16.79.15:8826/crmweb/?service=page/Main
1540371778307	addons.productaddons	INFO	Updates are disabled via media.gmp-manager.updateEnabled
1540371926696	addons.manager	DEBUG	Background update check beginning
1540371926697	addons.xpi	INFO	Starting system add-on update check from https://aus5.mozilla.org/update/3/SystemAddons/62.0.3/20181001155545/WINNT_x86_64-msvc-x64/zh-CN/release-cck-mozillaonline-others/Windows_NT%2010.0.0.0.14393.1593%20(x64)/MozillaOnline/2018.9/update.xml.
1540371926697	addons.productaddons	INFO	Updates are disabled via media.gmp-manager.updateEnabled
1540371926698	addons.xpi	INFO	Retaining existing updated system add-ons.
1540371926699	addons.manager	DEBUG	Background update check complete
1540372136015	addons.xpi	DEBUG	Calling bootstrap method shutdown on webcompat@mozilla.org version 2.1540380691638	addons.xpi	DEBUG	Calling bootstrap method shutdown on webcompat@mozilla.org version 2.0
1540380691639	addons.xpi	DEBUG	Calling bootstrap method shutdown on webcompat-reporter@mozilla.org version 1.0.0
1540380691640	addons.xpi	DEBUG	Calling bootstrap method shutdown on screenshots@mozilla.org version 33.0.0
1540380691645	addons.xpi	DEBUG	Calling bootstrap method shutdown on onboarding@mozilla.org version 1.0
1540380691646	addons.xpi	DEBUG	Calling bootstrap method shutdown on formautofill@mozilla.org version 1.0
1540380691646	addons.xpi	DEBUG	Calling bootstrap method shutdown on firefox@getpocket.com version 1.0.5
1540380691647	addons.xpi	DEBUG	Calling bootstrap method shutdown on aushelper@mozilla.org version 2.0
1540380691648	addons.xpi	DEBUG	Calling bootstrap method shutdown on activity-stream@mozilla.org version 2018.08.22.1219-93becf29
[Parent 3612, Gecko_IOThread] WARNING: pipe error: 109: file z:/build/build/src/ipc/chromium/src/chrome/common/ipc_channel_win.cc, line 346
[Child 16672, Chrome_ChildThread] WARNING: pipe error: 109: file z:/build/build/src/ipc/chromium/src/chrome/common/ipc_channel_win.cc, line 346
[Child 16672, Chrome_ChildThread] WARNING: pipe error: 109: file z:/build/build/src/ipc/chromium/src/chrome/common/ipc_channel_win.cc, line 346
[Child 16792, Chrome_ChildThread] WARNING: pipe error: 109: file z:/build/build/src/ipc/chromium/src/chrome/common/ipc_channel_win.cc, line 346
1540380691762	addons.manager	DEBUG	shutdown
1540380691763	addons.manager	DEBUG	Calling shutdown blocker for XPIProvider
1540380691763	addons.xpi	DEBUG	shutdown
1540380691763	addons.xpi-utils	DEBUG	shutdown
1540380691763	addons.manager	DEBUG	Calling shutdown blocker for LightweightThemeManager
1540380691763	addons.manager	DEBUG	Calling shutdown blocker for GMPProvider
1540380691764	addons.manager	DEBUG	Calling shutdown blocker for PluginProvider
1540380691772	addons.manager	DEBUG	Async provider shutdown done
1540380691838	Marionette	INFO	Stopped listening on port 59933

###!!! [Child][MessageChannel::SendAndWait] Error: Channel error: cannot send/recv

